<?xml version="1.0" encoding="UTF-8"?>
<!-- Generated by org.testng.reporters.JUnitReportReporter -->
<testsuite hostname="DESKTOP-H0PI4DT" failures="0" tests="1" name="actionExample.DragDropTest" time="13.207" errors="0" timestamp="2023-05-24T11:50:48 IST" skipped="0">
  <testcase classname="actionExample.DragDropTest" name="handlePayTM_Frame" time="13.207"/>
</testsuite> <!-- actionExample.DragDropTest -->
