<?xml version="1.0" encoding="UTF-8"?>
<!-- Generated by org.testng.reporters.JUnitReportReporter -->
<testsuite hostname="DESKTOP-H0PI4DT" failures="0" tests="1" name="xpathExample.xpath_preceding" time="9.085" errors="0" timestamp="2023-05-25T12:40:45 IST" skipped="0">
  <testcase classname="xpathExample.xpath_preceding" name="verifyWebTableTest" time="9.085"/>
</testsuite> <!-- xpathExample.xpath_preceding -->
