<?xml version="1.0" encoding="UTF-8"?>
<!-- Generated by org.testng.reporters.JUnitReportReporter -->
<testsuite hostname="DESKTOP-H0PI4DT" failures="0" tests="1" name="javascriptExecutorExample.SampleApplication" time="14.130" errors="0" timestamp="2023-05-19T13:21:28 IST" skipped="0">
  <testcase classname="javascriptExecutorExample.SampleApplication" name="verifyModelExample" time="14.130"/>
</testsuite> <!-- javascriptExecutorExample.SampleApplication -->
