<?xml version="1.0" encoding="UTF-8"?>
<!-- Generated by org.testng.reporters.JUnitReportReporter -->
<testsuite hostname="DESKTOP-H0PI4DT" failures="0" tests="1" name="xpathExample.AmazonSeeMore" time="10.878" errors="0" timestamp="2023-05-25T12:10:39 IST" skipped="0">
  <testcase classname="xpathExample.AmazonSeeMore" name="verifyAutomotiveEssentialsTest" time="10.878"/>
</testsuite> <!-- xpathExample.AmazonSeeMore -->
