<?xml version="1.0" encoding="UTF-8"?>
<!-- Generated by org.testng.reporters.JUnitReportReporter -->
<testsuite hostname="DESKTOP-H0PI4DT" failures="0" tests="3" name="ddtExample.NOPCommDDT" time="22.051" errors="0" timestamp="2023-05-25T13:26:19 IST" skipped="0">
  <testcase classname="ddtExample.NOPCommDDT" name="verifyLoginWithInValidCredentials" time="7.082"/>
  <testcase classname="ddtExample.NOPCommDDT" name="verifyLoginWithInValidCredentials" time="7.927"/>
  <testcase classname="ddtExample.NOPCommDDT" name="verifyLoginWithInValidCredentials" time="7.042"/>
</testsuite> <!-- ddtExample.NOPCommDDT -->
