<?xml version="1.0" encoding="UTF-8"?>
<!-- Generated by org.testng.reporters.JUnitReportReporter -->
<testsuite hostname="DESKTOP-H0PI4DT" failures="0" tests="1" name="controlExample.HandleAlert3" time="12.255" errors="0" timestamp="2023-05-22T12:44:03 IST" skipped="0">
  <testcase classname="controlExample.HandleAlert3" name="handleAlertPrompt" time="12.255"/>
</testsuite> <!-- controlExample.HandleAlert3 -->
