<?xml version="1.0" encoding="UTF-8"?>
<!-- Generated by org.testng.reporters.JUnitReportReporter -->
<testsuite hostname="DESKTOP-H0PI4DT" failures="0" tests="1" name="tests.LoginTest" time="24.774" errors="0" timestamp="2023-05-26T11:54:17 IST" skipped="0">
  <testcase classname="tests.LoginTest" name="verifyLoginWithValidUserDetails" time="24.774"/>
</testsuite> <!-- tests.LoginTest -->
