<?xml version="1.0" encoding="UTF-8"?>
<!-- Generated by org.testng.reporters.JUnitReportReporter -->
<testsuite hostname="DESKTOP-H0PI4DT" failures="0" tests="1" name="dbConnectionExample.MYSQLExample" time="0.990" errors="0" timestamp="2023-05-25T13:00:36 IST" skipped="0">
  <testcase classname="dbConnectionExample.MYSQLExample" name="verifyDBTest" time="0.990"/>
</testsuite> <!-- dbConnectionExample.MYSQLExample -->
