<?xml version="1.0" encoding="UTF-8"?>
<!-- Generated by org.testng.reporters.JUnitReportReporter -->
<testsuite hostname="DESKTOP-H0PI4DT" failures="0" tests="2" name="actionExample.RightClickDoubleClickExample" time="18.662" errors="0" timestamp="2023-05-24T11:32:43 IST" skipped="0">
  <testcase classname="actionExample.RightClickDoubleClickExample" name="doubleClickTest" time="9.273"/>
  <testcase classname="actionExample.RightClickDoubleClickExample" name="rightClickTest" time="9.389"/>
</testsuite> <!-- actionExample.RightClickDoubleClickExample -->
