<?xml version="1.0" encoding="UTF-8"?>
<!-- Generated by org.testng.reporters.JUnitReportReporter -->
<testsuite hostname="DESKTOP-H0PI4DT" failures="0" tests="1" name="javascriptExecutorExample.AmazonAppScrollExample2" time="14.280" errors="0" timestamp="2023-05-22T12:00:07 IST" skipped="0">
  <testcase classname="javascriptExecutorExample.AmazonAppScrollExample2" name="verifyModelExample" time="14.280"/>
</testsuite> <!-- javascriptExecutorExample.AmazonAppScrollExample2 -->
