<?xml version="1.0" encoding="UTF-8"?>
<!-- Generated by org.testng.reporters.JUnitReportReporter -->
<testsuite hostname="DESKTOP-H0PI4DT" failures="0" tests="1" name="javascriptExecutorExample.MyntraAppScrollExample2" time="14.165" errors="0" timestamp="2023-05-22T11:58:02 IST" skipped="0">
  <testcase classname="javascriptExecutorExample.MyntraAppScrollExample2" name="verifyModelExample" time="14.165"/>
</testsuite> <!-- javascriptExecutorExample.MyntraAppScrollExample2 -->
