<?xml version="1.0" encoding="UTF-8"?>
<!-- Generated by org.testng.reporters.JUnitReportReporter -->
<testsuite hostname="DESKTOP-H0PI4DT" failures="0" tests="1" name="log4jExample.IFramePayTM" time="12.554" errors="0" timestamp="2023-05-23T13:12:34 IST" skipped="0">
  <testcase classname="log4jExample.IFramePayTM" name="handlePayTM_Frame" time="12.554"/>
</testsuite> <!-- log4jExample.IFramePayTM -->
