<?xml version="1.0" encoding="UTF-8"?>
<!-- Generated by org.testng.reporters.JUnitReportReporter -->
<testsuite hostname="DESKTOP-H0PI4DT" failures="0" tests="2" name="crossBrowserTesting.HRMLoginTestNG" time="66.934" errors="0" timestamp="2023-05-23T12:49:00 IST" skipped="0">
  <testcase classname="crossBrowserTesting.HRMLoginTestNG" name="verifyLogin" time="37.143"/>
  <testcase classname="crossBrowserTesting.HRMLoginTestNG" name="verifyLogin" time="29.791"/>
</testsuite> <!-- crossBrowserTesting.HRMLoginTestNG -->
