<?xml version="1.0" encoding="UTF-8"?>
<!-- Generated by org.testng.reporters.JUnitReportReporter -->
<testsuite hostname="DESKTOP-H0PI4DT" failures="0" tests="1" name="javascriptExecutorExample.MyntraAppScrollExample" time="14.185" errors="0" timestamp="2023-05-22T11:46:10 IST" skipped="0">
  <testcase classname="javascriptExecutorExample.MyntraAppScrollExample" name="verifyModelExample" time="14.185"/>
</testsuite> <!-- javascriptExecutorExample.MyntraAppScrollExample -->
