<?xml version="1.0" encoding="UTF-8"?>
<!-- Generated by org.testng.reporters.JUnitReportReporter -->
<testsuite hostname="DESKTOP-H0PI4DT" failures="0" tests="1" name="handleWindow.IRCTCApplication" time="26.252" errors="0" timestamp="2023-05-24T12:56:12 IST" skipped="0">
  <testcase classname="handleWindow.IRCTCApplication" name="handlePayTM_Frame" time="26.252"/>
</testsuite> <!-- handleWindow.IRCTCApplication -->
