<?xml version="1.0" encoding="UTF-8"?>
<!-- Generated by org.testng.reporters.JUnitReportReporter -->
<testsuite hostname="DESKTOP-H0PI4DT" failures="0" tests="1" name="autoExample.AmazonApp" time="8.579" errors="0" timestamp="2023-05-24T12:20:34 IST" skipped="0">
  <testcase classname="autoExample.AmazonApp" name="handlePayTM_Frame" time="8.579"/>
</testsuite> <!-- autoExample.AmazonApp -->
