<?xml version="1.0" encoding="UTF-8"?>
<!-- Generated by org.testng.reporters.JUnitReportReporter -->
<testsuite hostname="DESKTOP-H0PI4DT" failures="0" tests="1" name="actionExample.DragDropTest2" time="8.482" errors="0" timestamp="2023-05-24T12:12:24 IST" skipped="0">
  <testcase classname="actionExample.DragDropTest2" name="handlePayTM_Frame" time="8.482"/>
</testsuite> <!-- actionExample.DragDropTest2 -->
