<?xml version="1.0" encoding="UTF-8"?>
<!-- Generated by org.testng.reporters.JUnitReportReporter -->
<testsuite hostname="DESKTOP-H0PI4DT" failures="0" tests="1" name="actionExample.AmazonApp" time="9.725" errors="0" timestamp="2023-05-23T13:30:57 IST" skipped="0">
  <testcase classname="actionExample.AmazonApp" name="handlePayTM_Frame" time="9.725"/>
</testsuite> <!-- actionExample.AmazonApp -->
