<?xml version="1.0" encoding="UTF-8"?>
<!-- Generated by org.testng.reporters.JUnitReportReporter -->
<testsuite hostname="DESKTOP-H0PI4DT" failures="0" tests="1" name="controlExample.HandleDropDown" time="6.074" errors="0" timestamp="2023-05-19T13:02:08 IST" skipped="0">
  <testcase classname="controlExample.HandleDropDown" name="verifyCountryList" time="6.074"/>
</testsuite> <!-- controlExample.HandleDropDown -->
