<?xml version="1.0" encoding="UTF-8"?>
<!-- Generated by org.testng.reporters.JUnitReportReporter -->
<testsuite hostname="DESKTOP-H0PI4DT" failures="0" tests="1" name="unitTestExample.TestNGExample" time="0.005" errors="0" timestamp="2023-05-19T13:02:08 IST" skipped="0">
  <testcase classname="unitTestExample.TestNGExample" name="verifyLogin" time="0.005"/>
</testsuite> <!-- unitTestExample.TestNGExample -->
