<?xml version="1.0" encoding="UTF-8"?>
<!-- Generated by org.testng.reporters.JUnitReportReporter -->
<testsuite hostname="DESKTOP-H0PI4DT" failures="0" tests="1" name="iframeExample.IFramePayTM" time="12.236" errors="0" timestamp="2023-05-22T13:29:11 IST" skipped="0">
  <testcase classname="iframeExample.IFramePayTM" name="handlePayTM_Frame" time="12.236"/>
</testsuite> <!-- iframeExample.IFramePayTM -->
