<?xml version="1.0" encoding="UTF-8"?>
<!-- Generated by org.testng.reporters.JUnitReportReporter -->
<testsuite hostname="DESKTOP-H0PI4DT" failures="0" tests="1" name="crossBrowserTesting.HRMLoginTestNG" time="23.895" errors="0" timestamp="2023-05-25T11:39:47 IST" skipped="0">
  <testcase classname="crossBrowserTesting.HRMLoginTestNG" name="verifyLogin" time="23.895"/>
</testsuite> <!-- crossBrowserTesting.HRMLoginTestNG -->
