<?xml version="1.0" encoding="UTF-8"?>
<!-- Generated by org.testng.reporters.JUnitReportReporter -->
<testsuite skipped="0" hostname="DESKTOP-QNHJ5Q7" name="tests.LoginTest" tests="1" failures="0" timestamp="2023-06-07T23:54:51 PDT" time="22.674" errors="0">
  <testcase name="verifyLoginWithValidUserDetails" time="22.674" classname="tests.LoginTest"/>
</testsuite> <!-- tests.LoginTest -->
